Performing C SOURCE FILE Test CMAKE_HAVE_LIBC_PTHREAD failed with the following output:
Change Dir: /home/pi/Public/Criterion/build/subprojects/nanomsg/__CMake_build/CMakeFiles/CMakeTmp

Run Build Command(s):/usr/bin/ninja cmTC_bce3c && [1/2] Building C object CMakeFiles/cmTC_bce3c.dir/src.c.o
[2/2] Linking C executable cmTC_bce3c
FAILED: cmTC_bce3c 
: && /usr/bin/cc -Wall -Wextra -rdynamic CMakeFiles/cmTC_bce3c.dir/src.c.o -o cmTC_bce3c   && :
CMakeFiles/cmTC_bce3c.dir/src.c.o: In function `main':
src.c:(.text+0x44): undefined reference to `pthread_create'
src.c:(.text+0x50): undefined reference to `pthread_detach'
src.c:(.text+0x5c): undefined reference to `pthread_cancel'
src.c:(.text+0x6c): undefined reference to `pthread_join'
src.c:(.text+0x7c): undefined reference to `pthread_atfork'
collect2: error: ld returned 1 exit status
ninja: build stopped: subcommand failed.


Source file was:
#include <pthread.h>

static void* test_func(void* data)
{
  return data;
}

int main(void)
{
  pthread_t thread;
  pthread_create(&thread, NULL, test_func, NULL);
  pthread_detach(thread);
  pthread_cancel(thread);
  pthread_join(thread, NULL);
  pthread_atfork(NULL, NULL, NULL);
  pthread_exit(NULL);

  return 0;
}

Determining if the function pthread_create exists in the pthreads failed with the following output:
Change Dir: /home/pi/Public/Criterion/build/subprojects/nanomsg/__CMake_build/CMakeFiles/CMakeTmp

Run Build Command(s):/usr/bin/ninja cmTC_7b9ac && [1/2] Building C object CMakeFiles/cmTC_7b9ac.dir/CheckFunctionExists.c.o
[2/2] Linking C executable cmTC_7b9ac
FAILED: cmTC_7b9ac 
: && /usr/bin/cc -Wall -Wextra  -DCHECK_FUNCTION_EXISTS=pthread_create -rdynamic CMakeFiles/cmTC_7b9ac.dir/CheckFunctionExists.c.o -o cmTC_7b9ac  -lpthreads && :
/usr/bin/ld: cannot find -lpthreads
collect2: error: ld returned 1 exit status
ninja: build stopped: subcommand failed.



Determining if the function gethrtime exists failed with the following output:
Change Dir: /home/pi/Public/Criterion/build/subprojects/nanomsg/__CMake_build/CMakeFiles/CMakeTmp

Run Build Command(s):/usr/bin/ninja cmTC_c9ba1 && [1/2] Building C object CMakeFiles/cmTC_c9ba1.dir/CheckFunctionExists.c.o
[2/2] Linking C executable cmTC_c9ba1
FAILED: cmTC_c9ba1 
: && /usr/bin/cc -Wall -Wextra  -DCHECK_FUNCTION_EXISTS=gethrtime -rdynamic CMakeFiles/cmTC_c9ba1.dir/CheckFunctionExists.c.o -o cmTC_c9ba1   && :
CMakeFiles/cmTC_c9ba1.dir/CheckFunctionExists.c.o: In function `main':
CheckFunctionExists.c:(.text+0x14): undefined reference to `gethrtime'
collect2: error: ld returned 1 exit status
ninja: build stopped: subcommand failed.



Determining if the function kqueue exists failed with the following output:
Change Dir: /home/pi/Public/Criterion/build/subprojects/nanomsg/__CMake_build/CMakeFiles/CMakeTmp

Run Build Command(s):/usr/bin/ninja cmTC_a154e && [1/2] Building C object CMakeFiles/cmTC_a154e.dir/CheckFunctionExists.c.o
[2/2] Linking C executable cmTC_a154e
FAILED: cmTC_a154e 
: && /usr/bin/cc -Wall -Wextra  -DCHECK_FUNCTION_EXISTS=kqueue -rdynamic CMakeFiles/cmTC_a154e.dir/CheckFunctionExists.c.o -o cmTC_a154e   && :
CMakeFiles/cmTC_a154e.dir/CheckFunctionExists.c.o: In function `main':
CheckFunctionExists.c:(.text+0x14): undefined reference to `kqueue'
collect2: error: ld returned 1 exit status
ninja: build stopped: subcommand failed.



Determining if the function sem_wait exists in the rt failed with the following output:
Change Dir: /home/pi/Public/Criterion/build/subprojects/nanomsg/__CMake_build/CMakeFiles/CMakeTmp

Run Build Command(s):/usr/bin/ninja cmTC_ef20d && [1/2] Building C object CMakeFiles/cmTC_ef20d.dir/CheckFunctionExists.c.o
[2/2] Linking C executable cmTC_ef20d
FAILED: cmTC_ef20d 
: && /usr/bin/cc -Wall -Wextra  -DCHECK_FUNCTION_EXISTS=sem_wait -rdynamic CMakeFiles/cmTC_ef20d.dir/CheckFunctionExists.c.o -o cmTC_ef20d  -lrt && :
/usr/bin/ld: CMakeFiles/cmTC_ef20d.dir/CheckFunctionExists.c.o: undefined reference to symbol 'sem_wait@@GLIBC_2.4'
//lib/arm-linux-gnueabihf/libpthread.so.0: error adding symbols: DSO missing from command line
collect2: error: ld returned 1 exit status
ninja: build stopped: subcommand failed.



Determining if the function socket exists in the socket failed with the following output:
Change Dir: /home/pi/Public/Criterion/build/subprojects/nanomsg/__CMake_build/CMakeFiles/CMakeTmp

Run Build Command(s):/usr/bin/ninja cmTC_297f4 && [1/2] Building C object CMakeFiles/cmTC_297f4.dir/CheckFunctionExists.c.o
[2/2] Linking C executable cmTC_297f4
FAILED: cmTC_297f4 
: && /usr/bin/cc -Wall -Wextra  -DCHECK_FUNCTION_EXISTS=socket -rdynamic CMakeFiles/cmTC_297f4.dir/CheckFunctionExists.c.o -o cmTC_297f4  -lsocket && :
/usr/bin/ld: cannot find -lsocket
collect2: error: ld returned 1 exit status
ninja: build stopped: subcommand failed.



Determining if the atomic_cas_32 exist failed with the following output:
Change Dir: /home/pi/Public/Criterion/build/subprojects/nanomsg/__CMake_build/CMakeFiles/CMakeTmp

Run Build Command(s):/usr/bin/ninja cmTC_42be8 && [1/2] Building C object CMakeFiles/cmTC_42be8.dir/CheckSymbolExists.c.o
FAILED: CMakeFiles/cmTC_42be8.dir/CheckSymbolExists.c.o 
/usr/bin/cc   -Wall -Wextra   -fPIE -o CMakeFiles/cmTC_42be8.dir/CheckSymbolExists.c.o -c CheckSymbolExists.c
CheckSymbolExists.c:2:20: fatal error: atomic.h: No such file or directory
 #include <atomic.h>
                    ^
compilation terminated.
ninja: build stopped: subcommand failed.


File /home/pi/Public/Criterion/build/subprojects/nanomsg/__CMake_build/CMakeFiles/CMakeTmp/CheckSymbolExists.c:
/* */
#include <atomic.h>

int main(int argc, char** argv)
{
  (void)argv;
#ifndef atomic_cas_32
  return ((int*)(&atomic_cas_32))[argc];
#else
  (void)argc;
  return 0;
#endif
}
