Performing C SOURCE FILE Test HAVE_STRUCT_STAT_ST_MTIMESPEC failed with the following output:
Change Dir: /home/pi/Public/Criterion/build/subprojects/libgit2/__CMake_build/CMakeFiles/CMakeTmp

Run Build Command(s):/usr/bin/ninja cmTC_033ea && [1/2] Building C object CMakeFiles/cmTC_033ea.dir/src.c.o
FAILED: CMakeFiles/cmTC_033ea.dir/src.c.o 
/usr/bin/cc -DHAVE_STRUCT_STAT_ST_MTIMESPEC  -fPIE -o CMakeFiles/cmTC_033ea.dir/src.c.o -c src.c
src.c: In function 'main':
src.c:7:34: error: 'struct stat' has no member named 'st_mtimespec'; did you mean 'st_mtim'?
   (void)sizeof(((struct stat *)0)->st_mtimespec);
                                  ^~
ninja: build stopped: subcommand failed.


Source file was:

#include <sys/types.h>
#include <sys/stat.h>

int main()
{
  (void)sizeof(((struct stat *)0)->st_mtimespec);
  return 0;
}

Performing C SOURCE FILE Test HAVE_STRUCT_STAT_MTIME_NSEC failed with the following output:
Change Dir: /home/pi/Public/Criterion/build/subprojects/libgit2/__CMake_build/CMakeFiles/CMakeTmp

Run Build Command(s):/usr/bin/ninja cmTC_374a2 && [1/2] Building C object CMakeFiles/cmTC_374a2.dir/src.c.o
FAILED: CMakeFiles/cmTC_374a2.dir/src.c.o 
/usr/bin/cc -DHAVE_STRUCT_STAT_MTIME_NSEC  -fPIE -o CMakeFiles/cmTC_374a2.dir/src.c.o -c src.c
src.c: In function 'main':
src.c:6:34: error: 'struct stat' has no member named 'st_mtime_nsec'; did you mean 'st_mtim'?
   (void)sizeof(((struct stat *)0)->st_mtime_nsec);
                                  ^~
ninja: build stopped: subcommand failed.


Source file was:

#include <sys/stat.h>

int main()
{
  (void)sizeof(((struct stat *)0)->st_mtime_nsec);
  return 0;
}

Performing C SOURCE FILE Test IS_WDOCUMENTATION_SUPPORTED failed with the following output:
Change Dir: /home/pi/Public/Criterion/build/subprojects/libgit2/__CMake_build/CMakeFiles/CMakeTmp

Run Build Command(s):/usr/bin/ninja cmTC_0ce34 && [1/2] Building C object CMakeFiles/cmTC_0ce34.dir/src.c.o
FAILED: CMakeFiles/cmTC_0ce34.dir/src.c.o 
/usr/bin/cc -DIS_WDOCUMENTATION_SUPPORTED  -D_GNU_SOURCE -Wall -Wextra   -fPIE   -Wdocumentation -o CMakeFiles/cmTC_0ce34.dir/src.c.o -c src.c
cc: error: unrecognized command line option '-Wdocumentation'
ninja: build stopped: subcommand failed.


Source file was:
int main(void) { return 0; }
Determining if the regcomp_l exist failed with the following output:
Change Dir: /home/pi/Public/Criterion/build/subprojects/libgit2/__CMake_build/CMakeFiles/CMakeTmp

Run Build Command(s):/usr/bin/ninja cmTC_65e62 && [1/2] Building C object CMakeFiles/cmTC_65e62.dir/CheckSymbolExists.c.o
FAILED: CMakeFiles/cmTC_65e62.dir/CheckSymbolExists.c.o 
/usr/bin/cc   -D_GNU_SOURCE -Wall -Wextra  -Wno-missing-field-initializers -Wstrict-aliasing=2 -Wstrict-prototypes -Wdeclaration-after-statement -Wno-unused-const-variable -Wno-unused-function  -fPIE -o CMakeFiles/cmTC_65e62.dir/CheckSymbolExists.c.o -c CheckSymbolExists.c
CheckSymbolExists.c: In function 'main':
CheckSymbolExists.c:9:19: error: 'regcomp_l' undeclared (first use in this function)
   return ((int*)(&regcomp_l))[argc];
                   ^~~~~~~~~
CheckSymbolExists.c:9:19: note: each undeclared identifier is reported only once for each function it appears in
CheckSymbolExists.c:5:14: warning: parameter 'argc' set but not used [-Wunused-but-set-parameter]
 int main(int argc, char** argv)
              ^~~~
ninja: build stopped: subcommand failed.


File /home/pi/Public/Criterion/build/subprojects/libgit2/__CMake_build/CMakeFiles/CMakeTmp/CheckSymbolExists.c:
/* */
#include <regex.h>
#include <xlocale.h>

int main(int argc, char** argv)
{
  (void)argv;
#ifndef regcomp_l
  return ((int*)(&regcomp_l))[argc];
#else
  (void)argc;
  return 0;
#endif
}
Determining if the function qsort_s exists failed with the following output:
Change Dir: /home/pi/Public/Criterion/build/subprojects/libgit2/__CMake_build/CMakeFiles/CMakeTmp

Run Build Command(s):/usr/bin/ninja cmTC_1fbe2 && [1/2] Building C object CMakeFiles/cmTC_1fbe2.dir/CheckFunctionExists.c.o
[2/2] Linking C executable cmTC_1fbe2
FAILED: cmTC_1fbe2 
: && /usr/bin/cc -D_GNU_SOURCE -Wall -Wextra  -Wno-missing-field-initializers -Wstrict-aliasing=2 -Wstrict-prototypes -Wdeclaration-after-statement -Wno-unused-const-variable -Wno-unused-function -DCHECK_FUNCTION_EXISTS=qsort_s -rdynamic CMakeFiles/cmTC_1fbe2.dir/CheckFunctionExists.c.o -o cmTC_1fbe2   && :
CMakeFiles/cmTC_1fbe2.dir/CheckFunctionExists.c.o: In function `main':
CheckFunctionExists.c:(.text+0x14): undefined reference to `qsort_s'
collect2: error: ld returned 1 exit status
ninja: build stopped: subcommand failed.



Performing C SOURCE FILE Test CMAKE_HAVE_LIBC_PTHREAD failed with the following output:
Change Dir: /home/pi/Public/Criterion/build/subprojects/libgit2/__CMake_build/CMakeFiles/CMakeTmp

Run Build Command(s):/usr/bin/ninja cmTC_37788 && [1/2] Building C object CMakeFiles/cmTC_37788.dir/src.c.o
[2/2] Linking C executable cmTC_37788
FAILED: cmTC_37788 
: && /usr/bin/cc -D_GNU_SOURCE -Wall -Wextra  -Wno-missing-field-initializers -Wstrict-aliasing=2 -Wstrict-prototypes -Wdeclaration-after-statement -Wno-unused-const-variable -Wno-unused-function -rdynamic CMakeFiles/cmTC_37788.dir/src.c.o -o cmTC_37788   && :
CMakeFiles/cmTC_37788.dir/src.c.o: In function `main':
src.c:(.text+0x44): undefined reference to `pthread_create'
src.c:(.text+0x50): undefined reference to `pthread_detach'
src.c:(.text+0x5c): undefined reference to `pthread_cancel'
src.c:(.text+0x6c): undefined reference to `pthread_join'
src.c:(.text+0x7c): undefined reference to `pthread_atfork'
collect2: error: ld returned 1 exit status
ninja: build stopped: subcommand failed.


Source file was:
#include <pthread.h>

static void* test_func(void* data)
{
  return data;
}

int main(void)
{
  pthread_t thread;
  pthread_create(&thread, NULL, test_func, NULL);
  pthread_detach(thread);
  pthread_cancel(thread);
  pthread_join(thread, NULL);
  pthread_atfork(NULL, NULL, NULL);
  pthread_exit(NULL);

  return 0;
}

Determining if the function pthread_create exists in the pthreads failed with the following output:
Change Dir: /home/pi/Public/Criterion/build/subprojects/libgit2/__CMake_build/CMakeFiles/CMakeTmp

Run Build Command(s):/usr/bin/ninja cmTC_99ddc && [1/2] Building C object CMakeFiles/cmTC_99ddc.dir/CheckFunctionExists.c.o
[2/2] Linking C executable cmTC_99ddc
FAILED: cmTC_99ddc 
: && /usr/bin/cc -D_GNU_SOURCE -Wall -Wextra  -Wno-missing-field-initializers -Wstrict-aliasing=2 -Wstrict-prototypes -Wdeclaration-after-statement -Wno-unused-const-variable -Wno-unused-function -DCHECK_FUNCTION_EXISTS=pthread_create -rdynamic CMakeFiles/cmTC_99ddc.dir/CheckFunctionExists.c.o -o cmTC_99ddc  -lpthreads && :
/usr/bin/ld: cannot find -lpthreads
collect2: error: ld returned 1 exit status
ninja: build stopped: subcommand failed.



